Arguments: 
  C:\Program Files\nodejs\node.exe C:\Users\bulat\AppData\Roaming\npm\node_modules\yarn\bin\yarn.js build

PATH: 
  C:\Users\bulat\WebstormProjects\instagram-ts-clone\node_modules\.bin;C:\Windows\system32;C:\Windows;C:\Windows\System32\Wbem;C:\Windows\System32\WindowsPowerShell\v1.0\;C:\Program Files (x86)\NVIDIA Corporation\PhysX\Common;C:\Program Files\NVIDIA Corporation\NVIDIA NvDLISR;C:\Windows\system32;C:\Windows;C:\Windows\System32\Wbem;C:\Windows\System32\WindowsPowerShell\v1.0\;C:\Windows\System32\OpenSSH\;C:\Program Files\Git\cmd;C:\Program Files\PuTTY\;C:\ProgramData\chocolatey\bin;C:\Program Files\dotnet\;C:\Users\bulat\Downloads\php-7.4.3-Win32-vc15-x64;C:\Program Files\Microsoft SQL Server\130\Tools\Binn\;C:\Program Files\PostgreSQL\13\bin;H:\User\downloads\redis;C:\composer;C:\Program Files\Docker\Docker\resources\bin;C:\ProgramData\DockerDesktop\version-bin;C:\Users\bulat\AppData\Roaming\nvm;C:\Program Files\nodejs;C:\Users\bulat\AppData\Roaming\npm;C:\Program Files\MySQL\MySQL Shell 8.0\bin\;C:\Users\bulat\AppData\Local\Microsoft\WindowsApps;C:\Program Files\heroku\bin;C:\Users\bulat\.dotnet\tools;C:\Users\bulat\Downloads\php-7.4.3-Win32-vc15-x64;C:\Program Files\PostgreSQL\13\bin;C:\Users\bulat\AppData\Roaming\npm;C:\Users\bulat\AppData\Roaming\Composer\vendor\bin;H:\Programm Files\user\Microsoft VS Code\bin;C:\Users\bulat\AppData\Roaming\nvm;C:\Program Files\nodejs

Yarn version: 
  1.22.4

Node version: 
  14.1.0

Platform: 
  win32 x64

Trace: 
  SyntaxError: C:\Users\bulat\WebstormProjects\instagram-ts-clone\packages\common\package.json: Unexpected token } in JSON at position 241
      at JSON.parse (<anonymous>)
      at C:\Users\bulat\AppData\Roaming\npm\node_modules\yarn\lib\cli.js:1625:59
      at Generator.next (<anonymous>)
      at step (C:\Users\bulat\AppData\Roaming\npm\node_modules\yarn\lib\cli.js:310:30)
      at C:\Users\bulat\AppData\Roaming\npm\node_modules\yarn\lib\cli.js:321:13

npm manifest: 
  {
    "name": "@instagram/common",
    "version": "1.0.0",
    "main": "dist/index.js",
    "typings": "dist/index.d.ts",
    "license": "MIT",
    "scripts": {
      "genql": "graphql-codegen --config codegen.yml",
      "build": "rimraf ./dist && tsc",
    },
    "devDependencies": {
      "rimraf": "^3.0.2",
      "typescript": "^3.8.3",
      "@graphql-codegen/cli": "1.19.0",
      "@graphql-codegen/introspection": "1.18.0",
      "@graphql-codegen/typescript": "1.17.11",
      "@graphql-codegen/typescript-operations": "1.17.8",
      "@graphql-codegen/typescript-react-apollo": "2.0.7"
    }
  }

yarn manifest: 
  No manifest

Lockfile: 
  No lockfile
